<?xml version="1.0" encoding="UTF-8"?>
<!-- Generated by org.testng.reporters.JUnitReportReporter -->
<testsuite hostname="Ariels-MacBook-Pro.local" failures="0" tests="1" name="com.solvd.carina.demo.HelloWorld" time="0.014" errors="0" timestamp="2024-08-06T13:27:09 ART" skipped="0">
  <testcase classname="com.solvd.carina.demo.HelloWorld" name="helloWorld" time="0.014"/>
  <system-out/>
</testsuite> <!-- com.solvd.carina.demo.HelloWorld -->
